Analysis & Synthesis report for exp14
Tue Dec 03 11:45:06 2024
Quartus II 64-Bit Version 13.1.0 Build 162 10/23/2013 SJ Full Version


---------------------
; Table of Contents ;
---------------------
  1. Legal Notice
  2. Analysis & Synthesis Summary
  3. Analysis & Synthesis Settings
  4. Parallel Compilation
  5. Analysis & Synthesis Source Files Read
  6. Analysis & Synthesis Resource Usage Summary
  7. Analysis & Synthesis Resource Utilization by Entity
  8. Analysis & Synthesis RAM Summary
  9. Analysis & Synthesis IP Cores Summary
 10. General Register Statistics
 11. Source assignments for 8RromR24:inst|ROM1:inst4|altsyncram:altsyncram_component|altsyncram_0rr3:auto_generated
 12. Parameter Settings for User Entity Instance: 8RromR24:inst|ROM1:inst4|altsyncram:altsyncram_component
 13. Parameter Settings for User Entity Instance: 8RromR24:inst|counter:instc|74161:inst
 14. Parameter Settings for User Entity Instance: 8RromR24:inst|counter:instc|74161:inst1
 15. altsyncram Parameter Settings by Entity Instance
 16. Elapsed Time Per Partition
 17. Analysis & Synthesis Messages



----------------
; Legal Notice ;
----------------
Copyright (C) 1991-2013 Altera Corporation
Your use of Altera Corporation's design tools, logic functions 
and other software and tools, and its AMPP partner logic 
functions, and any output files from any of the foregoing 
(including device programming or simulation files), and any 
associated documentation or information are expressly subject 
to the terms and conditions of the Altera Program License 
Subscription Agreement, Altera MegaCore Function License 
Agreement, or other applicable license agreement, including, 
without limitation, that your use is for the sole purpose of 
programming logic devices manufactured by Altera and sold by 
Altera or its authorized distributors.  Please refer to the 
applicable agreement for further details.



+----------------------------------------------------------------------------------+
; Analysis & Synthesis Summary                                                     ;
+------------------------------------+---------------------------------------------+
; Analysis & Synthesis Status        ; Successful - Tue Dec 03 11:45:06 2024       ;
; Quartus II 64-Bit Version          ; 13.1.0 Build 162 10/23/2013 SJ Full Version ;
; Revision Name                      ; exp14                                       ;
; Top-level Entity Name              ; exp14                                       ;
; Family                             ; Cyclone IV E                                ;
; Total logic elements               ; 47                                          ;
;     Total combinational functions  ; 28                                          ;
;     Dedicated logic registers      ; 31                                          ;
; Total registers                    ; 31                                          ;
; Total pins                         ; 5                                           ;
; Total virtual pins                 ; 0                                           ;
; Total memory bits                  ; 2,816                                       ;
; Embedded Multiplier 9-bit elements ; 0                                           ;
; Total PLLs                         ; 0                                           ;
+------------------------------------+---------------------------------------------+


+----------------------------------------------------------------------------------------------------------------------+
; Analysis & Synthesis Settings                                                                                        ;
+----------------------------------------------------------------------------+--------------------+--------------------+
; Option                                                                     ; Setting            ; Default Value      ;
+----------------------------------------------------------------------------+--------------------+--------------------+
; Device                                                                     ; EP4CE6E22C8        ;                    ;
; Top-level entity name                                                      ; exp14              ; exp14              ;
; Family name                                                                ; Cyclone IV E       ; Cyclone IV GX      ;
; Use smart compilation                                                      ; Off                ; Off                ;
; Enable parallel Assembler and TimeQuest Timing Analyzer during compilation ; On                 ; On                 ;
; Enable compact report table                                                ; Off                ; Off                ;
; Restructure Multiplexers                                                   ; Auto               ; Auto               ;
; Create Debugging Nodes for IP Cores                                        ; Off                ; Off                ;
; Preserve fewer node names                                                  ; On                 ; On                 ;
; Disable OpenCore Plus hardware evaluation                                  ; Off                ; Off                ;
; Verilog Version                                                            ; Verilog_2001       ; Verilog_2001       ;
; VHDL Version                                                               ; VHDL_1993          ; VHDL_1993          ;
; State Machine Processing                                                   ; Auto               ; Auto               ;
; Safe State Machine                                                         ; Off                ; Off                ;
; Extract Verilog State Machines                                             ; On                 ; On                 ;
; Extract VHDL State Machines                                                ; On                 ; On                 ;
; Ignore Verilog initial constructs                                          ; Off                ; Off                ;
; Iteration limit for constant Verilog loops                                 ; 5000               ; 5000               ;
; Iteration limit for non-constant Verilog loops                             ; 250                ; 250                ;
; Add Pass-Through Logic to Inferred RAMs                                    ; On                 ; On                 ;
; Infer RAMs from Raw Logic                                                  ; On                 ; On                 ;
; Parallel Synthesis                                                         ; On                 ; On                 ;
; DSP Block Balancing                                                        ; Auto               ; Auto               ;
; NOT Gate Push-Back                                                         ; On                 ; On                 ;
; Power-Up Don't Care                                                        ; On                 ; On                 ;
; Remove Redundant Logic Cells                                               ; Off                ; Off                ;
; Remove Duplicate Registers                                                 ; On                 ; On                 ;
; Ignore CARRY Buffers                                                       ; Off                ; Off                ;
; Ignore CASCADE Buffers                                                     ; Off                ; Off                ;
; Ignore GLOBAL Buffers                                                      ; Off                ; Off                ;
; Ignore ROW GLOBAL Buffers                                                  ; Off                ; Off                ;
; Ignore LCELL Buffers                                                       ; Off                ; Off                ;
; Ignore SOFT Buffers                                                        ; On                 ; On                 ;
; Limit AHDL Integers to 32 Bits                                             ; Off                ; Off                ;
; Optimization Technique                                                     ; Balanced           ; Balanced           ;
; Carry Chain Length                                                         ; 70                 ; 70                 ;
; Auto Carry Chains                                                          ; On                 ; On                 ;
; Auto Open-Drain Pins                                                       ; On                 ; On                 ;
; Perform WYSIWYG Primitive Resynthesis                                      ; Off                ; Off                ;
; Auto ROM Replacement                                                       ; On                 ; On                 ;
; Auto RAM Replacement                                                       ; On                 ; On                 ;
; Auto DSP Block Replacement                                                 ; On                 ; On                 ;
; Auto Shift Register Replacement                                            ; Auto               ; Auto               ;
; Allow Shift Register Merging across Hierarchies                            ; Auto               ; Auto               ;
; Auto Clock Enable Replacement                                              ; On                 ; On                 ;
; Strict RAM Replacement                                                     ; Off                ; Off                ;
; Allow Synchronous Control Signals                                          ; On                 ; On                 ;
; Force Use of Synchronous Clear Signals                                     ; Off                ; Off                ;
; Auto RAM Block Balancing                                                   ; On                 ; On                 ;
; Auto RAM to Logic Cell Conversion                                          ; Off                ; Off                ;
; Auto Resource Sharing                                                      ; Off                ; Off                ;
; Allow Any RAM Size For Recognition                                         ; Off                ; Off                ;
; Allow Any ROM Size For Recognition                                         ; Off                ; Off                ;
; Allow Any Shift Register Size For Recognition                              ; Off                ; Off                ;
; Use LogicLock Constraints during Resource Balancing                        ; On                 ; On                 ;
; Ignore translate_off and synthesis_off directives                          ; Off                ; Off                ;
; Timing-Driven Synthesis                                                    ; On                 ; On                 ;
; Report Parameter Settings                                                  ; On                 ; On                 ;
; Report Source Assignments                                                  ; On                 ; On                 ;
; Report Connectivity Checks                                                 ; On                 ; On                 ;
; Ignore Maximum Fan-Out Assignments                                         ; Off                ; Off                ;
; Synchronization Register Chain Length                                      ; 2                  ; 2                  ;
; PowerPlay Power Optimization                                               ; Normal compilation ; Normal compilation ;
; HDL message level                                                          ; Level2             ; Level2             ;
; Suppress Register Optimization Related Messages                            ; Off                ; Off                ;
; Number of Removed Registers Reported in Synthesis Report                   ; 5000               ; 5000               ;
; Number of Swept Nodes Reported in Synthesis Report                         ; 5000               ; 5000               ;
; Number of Inverted Registers Reported in Synthesis Report                  ; 100                ; 100                ;
; Clock MUX Protection                                                       ; On                 ; On                 ;
; Auto Gated Clock Conversion                                                ; Off                ; Off                ;
; Block Design Naming                                                        ; Auto               ; Auto               ;
; SDC constraint protection                                                  ; Off                ; Off                ;
; Synthesis Effort                                                           ; Auto               ; Auto               ;
; Shift Register Replacement - Allow Asynchronous Clear Signal               ; On                 ; On                 ;
; Pre-Mapping Resynthesis Optimization                                       ; Off                ; Off                ;
; Analysis & Synthesis Message Level                                         ; Medium             ; Medium             ;
; Disable Register Merging Across Hierarchies                                ; Auto               ; Auto               ;
; Resource Aware Inference For Block RAM                                     ; On                 ; On                 ;
; Synthesis Seed                                                             ; 1                  ; 1                  ;
+----------------------------------------------------------------------------+--------------------+--------------------+


+------------------------------------------+
; Parallel Compilation                     ;
+----------------------------+-------------+
; Processors                 ; Number      ;
+----------------------------+-------------+
; Number detected on machine ; 20          ;
; Maximum allowed            ; 14          ;
;                            ;             ;
; Average used               ; 1.00        ;
; Maximum used               ; 1           ;
;                            ;             ;
; Usage by Processor         ; % Time Used ;
;     Processor 1            ; 100.0%      ;
;     Processors 2-20        ;   0.0%      ;
+----------------------------+-------------+


+------------------------------------------------------------------------------------------------------------------------------------------------------------------+
; Analysis & Synthesis Source Files Read                                                                                                                           ;
+----------------------------------+-----------------+------------------------------------+--------------------------------------------------------------+---------+
; File Name with User-Entered Path ; Used in Netlist ; File Type                          ; File Name with Absolute Path                                 ; Library ;
+----------------------------------+-----------------+------------------------------------+--------------------------------------------------------------+---------+
; 8RromR24.bdf                     ; yes             ; User Block Diagram/Schematic File  ; G:/code/Computer-Organization/exp14/8RromR24.bdf             ;         ;
; counter.bdf                      ; yes             ; User Block Diagram/Schematic File  ; G:/code/Computer-Organization/exp14/counter.bdf              ;         ;
; exp14.bdf                        ; yes             ; User Block Diagram/Schematic File  ; G:/code/Computer-Organization/exp14/exp14.bdf                ;         ;
; Block14.bdf                      ; yes             ; User Block Diagram/Schematic File  ; G:/code/Computer-Organization/exp14/Block14.bdf              ;         ;
; LDRM.bdf                         ; yes             ; User Block Diagram/Schematic File  ; G:/code/Computer-Organization/exp14/LDRM.bdf                 ;         ;
; nadd4.bdf                        ; yes             ; User Block Diagram/Schematic File  ; G:/code/Computer-Organization/exp14/nadd4.bdf                ;         ;
; rom1.mif                         ; yes             ; User Memory Initialization File    ; G:/code/Computer-Organization/exp14/rom1.mif                 ;         ;
; 74173.bdf                        ; yes             ; Megafunction                       ; g:/qii/quartus/libraries/others/maxplus2/74173.bdf           ;         ;
; 7482.bdf                         ; yes             ; Megafunction                       ; g:/qii/quartus/libraries/others/maxplus2/7482.bdf            ;         ;
; 7486.bdf                         ; yes             ; Megafunction                       ; g:/qii/quartus/libraries/others/maxplus2/7486.bdf            ;         ;
; 74273b.bdf                       ; yes             ; Megafunction                       ; g:/qii/quartus/libraries/others/maxplus2/74273b.bdf          ;         ;
; rom1.vhd                         ; yes             ; Auto-Found Wizard-Generated File   ; G:/code/Computer-Organization/exp14/rom1.vhd                 ;         ;
; altsyncram.tdf                   ; yes             ; Megafunction                       ; g:/qii/quartus/libraries/megafunctions/altsyncram.tdf        ;         ;
; stratix_ram_block.inc            ; yes             ; Megafunction                       ; g:/qii/quartus/libraries/megafunctions/stratix_ram_block.inc ;         ;
; lpm_mux.inc                      ; yes             ; Megafunction                       ; g:/qii/quartus/libraries/megafunctions/lpm_mux.inc           ;         ;
; lpm_decode.inc                   ; yes             ; Megafunction                       ; g:/qii/quartus/libraries/megafunctions/lpm_decode.inc        ;         ;
; aglobal131.inc                   ; yes             ; Megafunction                       ; g:/qii/quartus/libraries/megafunctions/aglobal131.inc        ;         ;
; a_rdenreg.inc                    ; yes             ; Megafunction                       ; g:/qii/quartus/libraries/megafunctions/a_rdenreg.inc         ;         ;
; altrom.inc                       ; yes             ; Megafunction                       ; g:/qii/quartus/libraries/megafunctions/altrom.inc            ;         ;
; altram.inc                       ; yes             ; Megafunction                       ; g:/qii/quartus/libraries/megafunctions/altram.inc            ;         ;
; altdpram.inc                     ; yes             ; Megafunction                       ; g:/qii/quartus/libraries/megafunctions/altdpram.inc          ;         ;
; db/altsyncram_0rr3.tdf           ; yes             ; Auto-Generated Megafunction        ; G:/code/Computer-Organization/exp14/db/altsyncram_0rr3.tdf   ;         ;
; 74161.tdf                        ; yes             ; Megafunction                       ; g:/qii/quartus/libraries/others/maxplus2/74161.tdf           ;         ;
; aglobal.inc                      ; yes             ; Megafunction                       ; g:/qii/quartus/libraries/megafunctions/aglobal.inc           ;         ;
; f74161.bdf                       ; yes             ; Megafunction                       ; g:/qii/quartus/libraries/others/maxplus2/f74161.bdf          ;         ;
+----------------------------------+-----------------+------------------------------------+--------------------------------------------------------------+---------+


+---------------------------------------------------------------+
; Analysis & Synthesis Resource Usage Summary                   ;
+---------------------------------------------+-----------------+
; Resource                                    ; Usage           ;
+---------------------------------------------+-----------------+
; Estimated Total logic elements              ; 47              ;
;                                             ;                 ;
; Total combinational functions               ; 28              ;
; Logic element usage by number of LUT inputs ;                 ;
;     -- 4 input functions                    ; 12              ;
;     -- 3 input functions                    ; 8               ;
;     -- <=2 input functions                  ; 8               ;
;                                             ;                 ;
; Logic elements by mode                      ;                 ;
;     -- normal mode                          ; 28              ;
;     -- arithmetic mode                      ; 0               ;
;                                             ;                 ;
; Total registers                             ; 31              ;
;     -- Dedicated logic registers            ; 31              ;
;     -- I/O registers                        ; 0               ;
;                                             ;                 ;
; I/O pins                                    ; 5               ;
; Total memory bits                           ; 2816            ;
; Embedded Multiplier 9-bit elements          ; 0               ;
; Maximum fan-out node                        ; pin_name1~input ;
; Maximum fan-out                             ; 33              ;
; Total fan-out                               ; 257             ;
; Average fan-out                             ; 3.21            ;
+---------------------------------------------+-----------------+


+--------------------------------------------------------------------------------------------------------------------------------------------------------------------------------------------------------------------------------------------------------------------------+
; Analysis & Synthesis Resource Utilization by Entity                                                                                                                                                                                                                      ;
+----------------------------------------------+-------------------+--------------+-------------+--------------+---------+-----------+------+--------------+------------------------------------------------------------------------------------------------+--------------+
; Compilation Hierarchy Node                   ; LC Combinationals ; LC Registers ; Memory Bits ; DSP Elements ; DSP 9x9 ; DSP 18x18 ; Pins ; Virtual Pins ; Full Hierarchy Name                                                                            ; Library Name ;
+----------------------------------------------+-------------------+--------------+-------------+--------------+---------+-----------+------+--------------+------------------------------------------------------------------------------------------------+--------------+
; |exp14                                       ; 28 (3)            ; 31 (0)       ; 2816        ; 0            ; 0       ; 0         ; 5    ; 0            ; |exp14                                                                                         ; work         ;
;    |8RromR24:inst|                           ; 10 (0)            ; 19 (0)       ; 2816        ; 0            ; 0       ; 0         ; 0    ; 0            ; |exp14|8RromR24:inst                                                                           ; work         ;
;       |74273b:inst1|                         ; 0 (0)             ; 7 (7)        ; 0           ; 0            ; 0       ; 0         ; 0    ; 0            ; |exp14|8RromR24:inst|74273b:inst1                                                              ; work         ;
;       |74273b:inst2|                         ; 0 (0)             ; 4 (4)        ; 0           ; 0            ; 0       ; 0         ; 0    ; 0            ; |exp14|8RromR24:inst|74273b:inst2                                                              ; work         ;
;       |ROM1:inst4|                           ; 0 (0)             ; 0 (0)        ; 2816        ; 0            ; 0       ; 0         ; 0    ; 0            ; |exp14|8RromR24:inst|ROM1:inst4                                                                ; work         ;
;          |altsyncram:altsyncram_component|   ; 0 (0)             ; 0 (0)        ; 2816        ; 0            ; 0       ; 0         ; 0    ; 0            ; |exp14|8RromR24:inst|ROM1:inst4|altsyncram:altsyncram_component                                ; work         ;
;             |altsyncram_0rr3:auto_generated| ; 0 (0)             ; 0 (0)        ; 2816        ; 0            ; 0       ; 0         ; 0    ; 0            ; |exp14|8RromR24:inst|ROM1:inst4|altsyncram:altsyncram_component|altsyncram_0rr3:auto_generated ; work         ;
;       |counter:instc|                        ; 10 (0)            ; 8 (0)        ; 0           ; 0            ; 0       ; 0         ; 0    ; 0            ; |exp14|8RromR24:inst|counter:instc                                                             ; work         ;
;          |74161:inst1|                       ; 4 (0)             ; 4 (0)        ; 0           ; 0            ; 0       ; 0         ; 0    ; 0            ; |exp14|8RromR24:inst|counter:instc|74161:inst1                                                 ; work         ;
;             |f74161:sub|                     ; 4 (4)             ; 4 (4)        ; 0           ; 0            ; 0       ; 0         ; 0    ; 0            ; |exp14|8RromR24:inst|counter:instc|74161:inst1|f74161:sub                                      ; work         ;
;          |74161:inst|                        ; 6 (0)             ; 4 (0)        ; 0           ; 0            ; 0       ; 0         ; 0    ; 0            ; |exp14|8RromR24:inst|counter:instc|74161:inst                                                  ; work         ;
;             |f74161:sub|                     ; 6 (6)             ; 4 (4)        ; 0           ; 0            ; 0       ; 0         ; 0    ; 0            ; |exp14|8RromR24:inst|counter:instc|74161:inst|f74161:sub                                       ; work         ;
;    |Block14:inst1|                           ; 15 (0)            ; 12 (0)       ; 0           ; 0            ; 0       ; 0         ; 0    ; 0            ; |exp14|Block14:inst1                                                                           ; work         ;
;       |74173:R0|                             ; 0 (0)             ; 4 (4)        ; 0           ; 0            ; 0       ; 0         ; 0    ; 0            ; |exp14|Block14:inst1|74173:R0                                                                  ; work         ;
;       |74173:R1|                             ; 0 (0)             ; 4 (4)        ; 0           ; 0            ; 0       ; 0         ; 0    ; 0            ; |exp14|Block14:inst1|74173:R1                                                                  ; work         ;
;       |74173:R2|                             ; 0 (0)             ; 4 (4)        ; 0           ; 0            ; 0       ; 0         ; 0    ; 0            ; |exp14|Block14:inst1|74173:R2                                                                  ; work         ;
;       |LDRM:inst1|                           ; 9 (9)             ; 0 (0)        ; 0           ; 0            ; 0       ; 0         ; 0    ; 0            ; |exp14|Block14:inst1|LDRM:inst1                                                                ; work         ;
;       |nadd4:inst2|                          ; 6 (0)             ; 0 (0)        ; 0           ; 0            ; 0       ; 0         ; 0    ; 0            ; |exp14|Block14:inst1|nadd4:inst2                                                               ; work         ;
;          |7482:inst4|                        ; 2 (2)             ; 0 (0)        ; 0           ; 0            ; 0       ; 0         ; 0    ; 0            ; |exp14|Block14:inst1|nadd4:inst2|7482:inst4                                                    ; work         ;
;          |7482:inst5|                        ; 3 (3)             ; 0 (0)        ; 0           ; 0            ; 0       ; 0         ; 0    ; 0            ; |exp14|Block14:inst1|nadd4:inst2|7482:inst5                                                    ; work         ;
;          |7486:inst2|                        ; 1 (1)             ; 0 (0)        ; 0           ; 0            ; 0       ; 0         ; 0    ; 0            ; |exp14|Block14:inst1|nadd4:inst2|7486:inst2                                                    ; work         ;
+----------------------------------------------+-------------------+--------------+-------------+--------------+---------+-----------+------+--------------+------------------------------------------------------------------------------------------------+--------------+
Note: For table entries with two numbers listed, the numbers in parentheses indicate the number of resources of the given type used by the specific entity alone. The numbers listed outside of parentheses indicate the total resources of the given type used by the specific entity and all of its sub-entities in the hierarchy.


+---------------------------------------------------------------------------------------------------------------------------------------------------------------------------------------------------+
; Analysis & Synthesis RAM Summary                                                                                                                                                                  ;
+----------------------------------------------------------------------------------------------------+------+------+--------------+--------------+--------------+--------------+------+-------------+
; Name                                                                                               ; Type ; Mode ; Port A Depth ; Port A Width ; Port B Depth ; Port B Width ; Size ; MIF         ;
+----------------------------------------------------------------------------------------------------+------+------+--------------+--------------+--------------+--------------+------+-------------+
; 8RromR24:inst|ROM1:inst4|altsyncram:altsyncram_component|altsyncram_0rr3:auto_generated|ALTSYNCRAM ; AUTO ; ROM  ; 256          ; 24           ; --           ; --           ; 6144 ; ../rom1.mif ;
+----------------------------------------------------------------------------------------------------+------+------+--------------+--------------+--------------+--------------+------+-------------+


+------------------------------------------------------------------------------------------------------------------------------------------------+
; Analysis & Synthesis IP Cores Summary                                                                                                          ;
+--------+--------------+---------+--------------+--------------+---------------------------------+----------------------------------------------+
; Vendor ; IP Core Name ; Version ; Release Date ; License Type ; Entity Instance                 ; IP Include File                              ;
+--------+--------------+---------+--------------+--------------+---------------------------------+----------------------------------------------+
; Altera ; ROM: 1-PORT  ; N/A     ; N/A          ; N/A          ; |exp14|8RromR24:inst|ROM1:inst4 ; G:/code/Computer-Organization/exp14/rom1.vhd ;
+--------+--------------+---------+--------------+--------------+---------------------------------+----------------------------------------------+


+------------------------------------------------------+
; General Register Statistics                          ;
+----------------------------------------------+-------+
; Statistic                                    ; Value ;
+----------------------------------------------+-------+
; Total registers                              ; 31    ;
; Number of registers using Synchronous Clear  ; 0     ;
; Number of registers using Synchronous Load   ; 0     ;
; Number of registers using Asynchronous Clear ; 0     ;
; Number of registers using Asynchronous Load  ; 0     ;
; Number of registers using Clock Enable       ; 0     ;
; Number of registers using Preset             ; 0     ;
+----------------------------------------------+-------+


+----------------------------------------------------------------------------------------------------------------+
; Source assignments for 8RromR24:inst|ROM1:inst4|altsyncram:altsyncram_component|altsyncram_0rr3:auto_generated ;
+---------------------------------+--------------------+------+--------------------------------------------------+
; Assignment                      ; Value              ; From ; To                                               ;
+---------------------------------+--------------------+------+--------------------------------------------------+
; OPTIMIZE_POWER_DURING_SYNTHESIS ; NORMAL_COMPILATION ; -    ; -                                                ;
+---------------------------------+--------------------+------+--------------------------------------------------+


+-------------------------------------------------------------------------------------------------------+
; Parameter Settings for User Entity Instance: 8RromR24:inst|ROM1:inst4|altsyncram:altsyncram_component ;
+------------------------------------+----------------------+-------------------------------------------+
; Parameter Name                     ; Value                ; Type                                      ;
+------------------------------------+----------------------+-------------------------------------------+
; BYTE_SIZE_BLOCK                    ; 8                    ; Untyped                                   ;
; AUTO_CARRY_CHAINS                  ; ON                   ; AUTO_CARRY                                ;
; IGNORE_CARRY_BUFFERS               ; OFF                  ; IGNORE_CARRY                              ;
; AUTO_CASCADE_CHAINS                ; ON                   ; AUTO_CASCADE                              ;
; IGNORE_CASCADE_BUFFERS             ; OFF                  ; IGNORE_CASCADE                            ;
; WIDTH_BYTEENA                      ; 1                    ; Untyped                                   ;
; OPERATION_MODE                     ; ROM                  ; Untyped                                   ;
; WIDTH_A                            ; 24                   ; Signed Integer                            ;
; WIDTHAD_A                          ; 8                    ; Signed Integer                            ;
; NUMWORDS_A                         ; 256                  ; Signed Integer                            ;
; OUTDATA_REG_A                      ; UNREGISTERED         ; Untyped                                   ;
; ADDRESS_ACLR_A                     ; NONE                 ; Untyped                                   ;
; OUTDATA_ACLR_A                     ; NONE                 ; Untyped                                   ;
; WRCONTROL_ACLR_A                   ; NONE                 ; Untyped                                   ;
; INDATA_ACLR_A                      ; NONE                 ; Untyped                                   ;
; BYTEENA_ACLR_A                     ; NONE                 ; Untyped                                   ;
; WIDTH_B                            ; 1                    ; Signed Integer                            ;
; WIDTHAD_B                          ; 1                    ; Signed Integer                            ;
; NUMWORDS_B                         ; 0                    ; Signed Integer                            ;
; INDATA_REG_B                       ; CLOCK1               ; Untyped                                   ;
; WRCONTROL_WRADDRESS_REG_B          ; CLOCK1               ; Untyped                                   ;
; RDCONTROL_REG_B                    ; CLOCK1               ; Untyped                                   ;
; ADDRESS_REG_B                      ; CLOCK1               ; Untyped                                   ;
; OUTDATA_REG_B                      ; UNREGISTERED         ; Untyped                                   ;
; BYTEENA_REG_B                      ; CLOCK1               ; Untyped                                   ;
; INDATA_ACLR_B                      ; NONE                 ; Untyped                                   ;
; WRCONTROL_ACLR_B                   ; NONE                 ; Untyped                                   ;
; ADDRESS_ACLR_B                     ; NONE                 ; Untyped                                   ;
; OUTDATA_ACLR_B                     ; NONE                 ; Untyped                                   ;
; RDCONTROL_ACLR_B                   ; NONE                 ; Untyped                                   ;
; BYTEENA_ACLR_B                     ; NONE                 ; Untyped                                   ;
; WIDTH_BYTEENA_A                    ; 1                    ; Signed Integer                            ;
; WIDTH_BYTEENA_B                    ; 1                    ; Signed Integer                            ;
; RAM_BLOCK_TYPE                     ; AUTO                 ; Untyped                                   ;
; BYTE_SIZE                          ; 8                    ; Signed Integer                            ;
; READ_DURING_WRITE_MODE_MIXED_PORTS ; DONT_CARE            ; Untyped                                   ;
; READ_DURING_WRITE_MODE_PORT_A      ; NEW_DATA_NO_NBE_READ ; Untyped                                   ;
; READ_DURING_WRITE_MODE_PORT_B      ; NEW_DATA_NO_NBE_READ ; Untyped                                   ;
; INIT_FILE                          ; ../rom1.mif          ; Untyped                                   ;
; INIT_FILE_LAYOUT                   ; PORT_A               ; Untyped                                   ;
; MAXIMUM_DEPTH                      ; 0                    ; Signed Integer                            ;
; CLOCK_ENABLE_INPUT_A               ; BYPASS               ; Untyped                                   ;
; CLOCK_ENABLE_INPUT_B               ; NORMAL               ; Untyped                                   ;
; CLOCK_ENABLE_OUTPUT_A              ; BYPASS               ; Untyped                                   ;
; CLOCK_ENABLE_OUTPUT_B              ; NORMAL               ; Untyped                                   ;
; CLOCK_ENABLE_CORE_A                ; USE_INPUT_CLKEN      ; Untyped                                   ;
; CLOCK_ENABLE_CORE_B                ; USE_INPUT_CLKEN      ; Untyped                                   ;
; ENABLE_ECC                         ; FALSE                ; Untyped                                   ;
; ECC_PIPELINE_STAGE_ENABLED         ; FALSE                ; Untyped                                   ;
; WIDTH_ECCSTATUS                    ; 3                    ; Signed Integer                            ;
; DEVICE_FAMILY                      ; Cyclone IV E         ; Untyped                                   ;
; CBXI_PARAMETER                     ; altsyncram_0rr3      ; Untyped                                   ;
+------------------------------------+----------------------+-------------------------------------------+
Note: In order to hide this table in the UI and the text report file, please set the "Show Parameter Settings in Synthesis Report" option in "Analysis and Synthesis Settings -> More Settings" to "Off".


+-------------------------------------------------------------------------------------+
; Parameter Settings for User Entity Instance: 8RromR24:inst|counter:instc|74161:inst ;
+------------------------+--------------+---------------------------------------------+
; Parameter Name         ; Value        ; Type                                        ;
+------------------------+--------------+---------------------------------------------+
; DEVICE_FAMILY          ; Cyclone IV E ; Untyped                                     ;
; AUTO_CARRY_CHAINS      ; ON           ; AUTO_CARRY                                  ;
; IGNORE_CARRY_BUFFERS   ; OFF          ; IGNORE_CARRY                                ;
; AUTO_CASCADE_CHAINS    ; ON           ; AUTO_CASCADE                                ;
; IGNORE_CASCADE_BUFFERS ; OFF          ; IGNORE_CASCADE                              ;
+------------------------+--------------+---------------------------------------------+
Note: In order to hide this table in the UI and the text report file, please set the "Show Parameter Settings in Synthesis Report" option in "Analysis and Synthesis Settings -> More Settings" to "Off".


+--------------------------------------------------------------------------------------+
; Parameter Settings for User Entity Instance: 8RromR24:inst|counter:instc|74161:inst1 ;
+------------------------+--------------+----------------------------------------------+
; Parameter Name         ; Value        ; Type                                         ;
+------------------------+--------------+----------------------------------------------+
; DEVICE_FAMILY          ; Cyclone IV E ; Untyped                                      ;
; AUTO_CARRY_CHAINS      ; ON           ; AUTO_CARRY                                   ;
; IGNORE_CARRY_BUFFERS   ; OFF          ; IGNORE_CARRY                                 ;
; AUTO_CASCADE_CHAINS    ; ON           ; AUTO_CASCADE                                 ;
; IGNORE_CASCADE_BUFFERS ; OFF          ; IGNORE_CASCADE                               ;
+------------------------+--------------+----------------------------------------------+
Note: In order to hide this table in the UI and the text report file, please set the "Show Parameter Settings in Synthesis Report" option in "Analysis and Synthesis Settings -> More Settings" to "Off".


+------------------------------------------------------------------------------------------------------+
; altsyncram Parameter Settings by Entity Instance                                                     ;
+-------------------------------------------+----------------------------------------------------------+
; Name                                      ; Value                                                    ;
+-------------------------------------------+----------------------------------------------------------+
; Number of entity instances                ; 1                                                        ;
; Entity Instance                           ; 8RromR24:inst|ROM1:inst4|altsyncram:altsyncram_component ;
;     -- OPERATION_MODE                     ; ROM                                                      ;
;     -- WIDTH_A                            ; 24                                                       ;
;     -- NUMWORDS_A                         ; 256                                                      ;
;     -- OUTDATA_REG_A                      ; UNREGISTERED                                             ;
;     -- WIDTH_B                            ; 1                                                        ;
;     -- NUMWORDS_B                         ; 0                                                        ;
;     -- ADDRESS_REG_B                      ; CLOCK1                                                   ;
;     -- OUTDATA_REG_B                      ; UNREGISTERED                                             ;
;     -- RAM_BLOCK_TYPE                     ; AUTO                                                     ;
;     -- READ_DURING_WRITE_MODE_MIXED_PORTS ; DONT_CARE                                                ;
+-------------------------------------------+----------------------------------------------------------+


+-------------------------------+
; Elapsed Time Per Partition    ;
+----------------+--------------+
; Partition Name ; Elapsed Time ;
+----------------+--------------+
; Top            ; 00:00:00     ;
+----------------+--------------+


+-------------------------------+
; Analysis & Synthesis Messages ;
+-------------------------------+
Info: *******************************************************************
Info: Running Quartus II 64-Bit Analysis & Synthesis
    Info: Version 13.1.0 Build 162 10/23/2013 SJ Full Version
    Info: Processing started: Tue Dec 03 11:45:04 2024
Info: Command: quartus_map --read_settings_files=on --write_settings_files=off exp14 -c exp14
Info (11104): Parallel Compilation has detected 20 hyper-threaded processors. However, the extra hyper-threaded processors will not be used by default. Parallel Compilation will use 14 of the 14 physical processors detected instead.
Info (12021): Found 1 design units, including 1 entities, in source file 8rromr24.bdf
    Info (12023): Found entity 1: 8RromR24
Info (12021): Found 1 design units, including 1 entities, in source file counter.bdf
    Info (12023): Found entity 1: counter
Info (12021): Found 1 design units, including 1 entities, in source file exp14.bdf
    Info (12023): Found entity 1: exp14
Info (12021): Found 1 design units, including 1 entities, in source file block14.bdf
    Info (12023): Found entity 1: Block14
Info (12021): Found 1 design units, including 1 entities, in source file ldrm.bdf
    Info (12023): Found entity 1: LDRM
Info (12021): Found 1 design units, including 1 entities, in source file nadd4.bdf
    Info (12023): Found entity 1: nadd4
Info (12127): Elaborating entity "exp14" for the top level hierarchy
Info (12128): Elaborating entity "Block14" for hierarchy "Block14:inst1"
Info (12128): Elaborating entity "74173" for hierarchy "Block14:inst1|74173:R2"
Info (12130): Elaborated megafunction instantiation "Block14:inst1|74173:R2"
Info (12128): Elaborating entity "LDRM" for hierarchy "Block14:inst1|LDRM:inst1"
Info (12128): Elaborating entity "nadd4" for hierarchy "Block14:inst1|nadd4:inst2"
Info (12128): Elaborating entity "7482" for hierarchy "Block14:inst1|nadd4:inst2|7482:inst5"
Info (12130): Elaborated megafunction instantiation "Block14:inst1|nadd4:inst2|7482:inst5"
Info (12128): Elaborating entity "7486" for hierarchy "Block14:inst1|nadd4:inst2|7486:inst2"
Info (12130): Elaborated megafunction instantiation "Block14:inst1|nadd4:inst2|7486:inst2"
Info (12128): Elaborating entity "8RromR24" for hierarchy "8RromR24:inst"
Info (12128): Elaborating entity "74273b" for hierarchy "8RromR24:inst|74273b:inst2"
Info (12130): Elaborated megafunction instantiation "8RromR24:inst|74273b:inst2"
Warning (12125): Using design file rom1.vhd, which is not specified as a design file for the current project, but contains definitions for 2 design units and 1 entities in project
    Info (12022): Found design unit 1: rom1-SYN
    Info (12023): Found entity 1: ROM1
Info (12128): Elaborating entity "ROM1" for hierarchy "8RromR24:inst|ROM1:inst4"
Info (12128): Elaborating entity "altsyncram" for hierarchy "8RromR24:inst|ROM1:inst4|altsyncram:altsyncram_component"
Info (12130): Elaborated megafunction instantiation "8RromR24:inst|ROM1:inst4|altsyncram:altsyncram_component"
Info (12133): Instantiated megafunction "8RromR24:inst|ROM1:inst4|altsyncram:altsyncram_component" with the following parameter:
    Info (12134): Parameter "address_aclr_a" = "NONE"
    Info (12134): Parameter "address_aclr_b" = "NONE"
    Info (12134): Parameter "address_reg_b" = "CLOCK1"
    Info (12134): Parameter "byte_size" = "8"
    Info (12134): Parameter "byteena_aclr_a" = "UNUSED"
    Info (12134): Parameter "byteena_aclr_b" = "NONE"
    Info (12134): Parameter "byteena_reg_b" = "CLOCK1"
    Info (12134): Parameter "clock_enable_core_a" = "USE_INPUT_CLKEN"
    Info (12134): Parameter "clock_enable_core_b" = "USE_INPUT_CLKEN"
    Info (12134): Parameter "clock_enable_input_a" = "BYPASS"
    Info (12134): Parameter "clock_enable_input_b" = "NORMAL"
    Info (12134): Parameter "clock_enable_output_a" = "BYPASS"
    Info (12134): Parameter "clock_enable_output_b" = "NORMAL"
    Info (12134): Parameter "intended_device_family" = "Cyclone IV E"
    Info (12134): Parameter "ecc_pipeline_stage_enabled" = "FALSE"
    Info (12134): Parameter "enable_ecc" = "FALSE"
    Info (12134): Parameter "implement_in_les" = "OFF"
    Info (12134): Parameter "indata_aclr_a" = "UNUSED"
    Info (12134): Parameter "indata_aclr_b" = "NONE"
    Info (12134): Parameter "indata_reg_b" = "CLOCK1"
    Info (12134): Parameter "init_file" = "../rom1.mif"
    Info (12134): Parameter "init_file_layout" = "PORT_A"
    Info (12134): Parameter "maximum_depth" = "0"
    Info (12134): Parameter "numwords_a" = "256"
    Info (12134): Parameter "numwords_b" = "0"
    Info (12134): Parameter "operation_mode" = "ROM"
    Info (12134): Parameter "outdata_aclr_a" = "NONE"
    Info (12134): Parameter "outdata_aclr_b" = "NONE"
    Info (12134): Parameter "outdata_reg_a" = "UNREGISTERED"
    Info (12134): Parameter "outdata_reg_b" = "UNREGISTERED"
    Info (12134): Parameter "power_up_uninitialized" = "FALSE"
    Info (12134): Parameter "ram_block_type" = "AUTO"
    Info (12134): Parameter "rdcontrol_aclr_b" = "NONE"
    Info (12134): Parameter "rdcontrol_reg_b" = "CLOCK1"
    Info (12134): Parameter "read_during_write_mode_mixed_ports" = "DONT_CARE"
    Info (12134): Parameter "read_during_write_mode_port_a" = "NEW_DATA_NO_NBE_READ"
    Info (12134): Parameter "read_during_write_mode_port_b" = "NEW_DATA_NO_NBE_READ"
    Info (12134): Parameter "stratixiv_m144k_allow_dual_clocks" = "ON"
    Info (12134): Parameter "width_a" = "24"
    Info (12134): Parameter "width_b" = "1"
    Info (12134): Parameter "width_byteena_a" = "1"
    Info (12134): Parameter "width_byteena_b" = "1"
    Info (12134): Parameter "width_eccstatus" = "3"
    Info (12134): Parameter "widthad_a" = "8"
    Info (12134): Parameter "widthad_b" = "1"
    Info (12134): Parameter "wrcontrol_aclr_a" = "UNUSED"
    Info (12134): Parameter "wrcontrol_aclr_b" = "NONE"
    Info (12134): Parameter "wrcontrol_wraddress_reg_b" = "CLOCK1"
    Info (12134): Parameter "lpm_hint" = "ENABLE_RUNTIME_MOD=NO"
    Info (12134): Parameter "lpm_type" = "altsyncram"
Info (12021): Found 1 design units, including 1 entities, in source file db/altsyncram_0rr3.tdf
    Info (12023): Found entity 1: altsyncram_0rr3
Info (12128): Elaborating entity "altsyncram_0rr3" for hierarchy "8RromR24:inst|ROM1:inst4|altsyncram:altsyncram_component|altsyncram_0rr3:auto_generated"
Info (12128): Elaborating entity "counter" for hierarchy "8RromR24:inst|counter:instc"
Info (12128): Elaborating entity "74161" for hierarchy "8RromR24:inst|counter:instc|74161:inst"
Info (12130): Elaborated megafunction instantiation "8RromR24:inst|counter:instc|74161:inst"
Info (12128): Elaborating entity "f74161" for hierarchy "8RromR24:inst|counter:instc|74161:inst|f74161:sub"
Info (12131): Elaborated megafunction instantiation "8RromR24:inst|counter:instc|74161:inst|f74161:sub", which is child of megafunction instantiation "8RromR24:inst|counter:instc|74161:inst"
Info (12128): Elaborating entity "74161" for hierarchy "8RromR24:inst|counter:instc|74161:inst1"
Info (12130): Elaborated megafunction instantiation "8RromR24:inst|counter:instc|74161:inst1"
Warning (14284): Synthesized away the following node(s):
    Warning (14285): Synthesized away the following RAM node(s):
        Warning (14320): Synthesized away node "8RromR24:inst|ROM1:inst4|altsyncram:altsyncram_component|altsyncram_0rr3:auto_generated|q_a[0]"
        Warning (14320): Synthesized away node "8RromR24:inst|ROM1:inst4|altsyncram:altsyncram_component|altsyncram_0rr3:auto_generated|q_a[8]"
        Warning (14320): Synthesized away node "8RromR24:inst|ROM1:inst4|altsyncram:altsyncram_component|altsyncram_0rr3:auto_generated|q_a[9]"
        Warning (14320): Synthesized away node "8RromR24:inst|ROM1:inst4|altsyncram:altsyncram_component|altsyncram_0rr3:auto_generated|q_a[10]"
        Warning (14320): Synthesized away node "8RromR24:inst|ROM1:inst4|altsyncram:altsyncram_component|altsyncram_0rr3:auto_generated|q_a[11]"
        Warning (14320): Synthesized away node "8RromR24:inst|ROM1:inst4|altsyncram:altsyncram_component|altsyncram_0rr3:auto_generated|q_a[12]"
        Warning (14320): Synthesized away node "8RromR24:inst|ROM1:inst4|altsyncram:altsyncram_component|altsyncram_0rr3:auto_generated|q_a[13]"
        Warning (14320): Synthesized away node "8RromR24:inst|ROM1:inst4|altsyncram:altsyncram_component|altsyncram_0rr3:auto_generated|q_a[14]"
        Warning (14320): Synthesized away node "8RromR24:inst|ROM1:inst4|altsyncram:altsyncram_component|altsyncram_0rr3:auto_generated|q_a[15]"
        Warning (14320): Synthesized away node "8RromR24:inst|ROM1:inst4|altsyncram:altsyncram_component|altsyncram_0rr3:auto_generated|q_a[16]"
        Warning (14320): Synthesized away node "8RromR24:inst|ROM1:inst4|altsyncram:altsyncram_component|altsyncram_0rr3:auto_generated|q_a[17]"
        Warning (14320): Synthesized away node "8RromR24:inst|ROM1:inst4|altsyncram:altsyncram_component|altsyncram_0rr3:auto_generated|q_a[18]"
        Warning (14320): Synthesized away node "8RromR24:inst|ROM1:inst4|altsyncram:altsyncram_component|altsyncram_0rr3:auto_generated|q_a[19]"
Info (13014): Ignored 8 buffer(s)
    Info (13015): Ignored 8 CARRY buffer(s)
Warning (13046): Tri-state node(s) do not directly drive top-level pin(s)
    Warning (13049): Converted tri-state buffer "Block14:inst1|74173:R0|42" feeding internal logic into a wire
    Warning (13049): Converted tri-state buffer "Block14:inst1|74173:R0|43" feeding internal logic into a wire
    Warning (13049): Converted tri-state buffer "Block14:inst1|74173:R0|44" feeding internal logic into a wire
    Warning (13049): Converted tri-state buffer "Block14:inst1|74173:R0|45" feeding internal logic into a wire
    Warning (13049): Converted tri-state buffer "Block14:inst1|74173:R1|42" feeding internal logic into a wire
    Warning (13049): Converted tri-state buffer "Block14:inst1|74173:R1|43" feeding internal logic into a wire
    Warning (13049): Converted tri-state buffer "Block14:inst1|74173:R1|44" feeding internal logic into a wire
    Warning (13049): Converted tri-state buffer "Block14:inst1|74173:R1|45" feeding internal logic into a wire
Warning (13044): Always-enabled tri-state buffer(s) removed
    Warning (13045): Converted the fanout from the always-enabled tri-state buffer "Block14:inst1|74173:R2|45" to the node "O[3]" into a wire
    Warning (13045): Converted the fanout from the always-enabled tri-state buffer "Block14:inst1|74173:R2|44" to the node "O[2]" into a wire
    Warning (13045): Converted the fanout from the always-enabled tri-state buffer "Block14:inst1|74173:R2|43" to the node "O[1]" into a wire
    Warning (13045): Converted the fanout from the always-enabled tri-state buffer "Block14:inst1|74173:R2|42" to the node "O[0]" into a wire
Info (286030): Timing-Driven Synthesis is running
Info (16010): Generating hard_block partition "hard_block:auto_generated_inst"
    Info (16011): Adding 0 node(s), including 0 DDIO, 0 PLL, 0 transceiver and 0 LCELL
Info (21057): Implemented 63 device resources after synthesis - the final resource count might be different
    Info (21058): Implemented 1 input pins
    Info (21059): Implemented 4 output pins
    Info (21061): Implemented 47 logic cells
    Info (21064): Implemented 11 RAM segments
Info: Quartus II 64-Bit Analysis & Synthesis was successful. 0 errors, 30 warnings
    Info: Peak virtual memory: 4713 megabytes
    Info: Processing ended: Tue Dec 03 11:45:06 2024
    Info: Elapsed time: 00:00:02
    Info: Total CPU time (on all processors): 00:00:00


